Sep-20 14:15:57.476 [main] DEBUG nextflow.cli.Launcher - $> nextflow run main.nf -with-docker
Sep-20 14:15:57.583 [main] INFO  nextflow.cli.CmdRun - N E X T F L O W  ~  version 22.04.5
Sep-20 14:15:57.615 [main] DEBUG nextflow.config.ConfigBuilder - Found config home: /home/ubuntu/.nextflow/config
Sep-20 14:15:57.617 [main] DEBUG nextflow.config.ConfigBuilder - Found config local: /home/ubuntu/simple-pipeline/nextflow.config
Sep-20 14:15:57.618 [main] DEBUG nextflow.config.ConfigBuilder - Parsing config file: /home/ubuntu/.nextflow/config
Sep-20 14:15:57.619 [main] DEBUG nextflow.config.ConfigBuilder - Parsing config file: /home/ubuntu/simple-pipeline/nextflow.config
Sep-20 14:15:57.661 [main] DEBUG nextflow.config.ConfigBuilder - Applying config profile: `standard`
Sep-20 14:15:58.543 [main] DEBUG nextflow.config.ConfigBuilder - Applying config profile: `standard`
Sep-20 14:15:58.598 [main] DEBUG nextflow.config.ConfigBuilder - Enabling execution in Docker container as requested by cli option `-with-docker -`
Sep-20 14:15:58.615 [main] DEBUG nextflow.cli.CmdRun - Applied DSL=2 by global default
Sep-20 14:15:58.636 [main] INFO  nextflow.cli.CmdRun - Launching `main.nf` [prickly_ardinghelli] DSL2 - revision: 93b91a657f
Sep-20 14:15:58.654 [main] DEBUG nextflow.plugin.PluginsFacade - Setting up plugin manager > mode=prod; plugins-dir=/home/ubuntu/.nextflow/plugins; core-plugins: nf-amazon@1.7.2,nf-azure@0.13.2,nf-console@1.0.3,nf-ga4gh@1.0.3,nf-google@1.1.4,nf-sqldb@0.4.0,nf-tower@1.4.0
Sep-20 14:15:58.656 [main] DEBUG nextflow.plugin.PluginsFacade - Plugins default=[]
Sep-20 14:15:58.670 [main] INFO  org.pf4j.DefaultPluginStatusProvider - Enabled plugins: []
Sep-20 14:15:58.671 [main] INFO  org.pf4j.DefaultPluginStatusProvider - Disabled plugins: []
Sep-20 14:15:58.676 [main] INFO  org.pf4j.DefaultPluginManager - PF4J version 3.4.1 in 'deployment' mode
Sep-20 14:15:58.687 [main] INFO  org.pf4j.AbstractPluginManager - No plugins
Sep-20 14:15:58.753 [main] DEBUG nextflow.Session - Session uuid: 8cedf01b-c1d4-4e1b-ba4d-57f1b2373132
Sep-20 14:15:58.753 [main] DEBUG nextflow.Session - Run name: prickly_ardinghelli
Sep-20 14:15:58.754 [main] DEBUG nextflow.Session - Executor pool size: 2
Sep-20 14:15:58.795 [main] DEBUG nextflow.cli.CmdRun - 
  Version: 22.04.5 build 5708
  Created: 15-07-2022 16:09 UTC 
  System: Linux 5.15.0-1011-aws
  Runtime: Groovy 3.0.10 on OpenJDK 64-Bit Server VM 11.0.16+8-post-Ubuntu-0ubuntu122.04
  Encoding: UTF-8 (UTF-8)
  Process: 264851@ip-172-31-48-161 [172.31.48.161]
  CPUs: 2 - Mem: 7.8 GB (1.9 GB) - Swap: 0 (0)
Sep-20 14:15:58.826 [main] DEBUG nextflow.Session - Work-dir: /home/ubuntu/simple-pipeline/work [ext2/ext3]
Sep-20 14:15:58.827 [main] DEBUG nextflow.Session - Script base path does not exist or is not a directory: /home/ubuntu/simple-pipeline/bin
Sep-20 14:15:58.836 [main] DEBUG nextflow.executor.ExecutorFactory - Extension executors providers=[]
Sep-20 14:15:58.857 [main] DEBUG nextflow.Session - Observer factory: DefaultObserverFactory
Sep-20 14:15:58.886 [main] DEBUG nextflow.cache.CacheFactory - Using Nextflow cache factory: nextflow.cache.DefaultCacheFactory
Sep-20 14:15:58.900 [main] DEBUG nextflow.util.CustomThreadPool - Creating default thread pool > poolSize: 3; maxThreads: 1000
Sep-20 14:15:58.988 [main] DEBUG nextflow.Session - Session start invoked
Sep-20 14:15:59.740 [main] DEBUG nextflow.script.ScriptRunner - > Launching execution
Sep-20 14:15:59.771 [main] INFO  nextflow.Nextflow - R N A S E Q - N F   P I P E L I N E   
===================================
transcriptome: /home/ubuntu/simple-pipeline/data/ggal/transcriptome.fa
reads        : /home/ubuntu/simple-pipeline/data/ggal/gut_{1,2}.fq
outdir       : results

Sep-20 14:15:59.966 [main] DEBUG nextflow.executor.ExecutorFactory - << taskConfig executor: local
Sep-20 14:15:59.966 [main] DEBUG nextflow.executor.ExecutorFactory - >> processorType: 'local'
Sep-20 14:15:59.971 [main] DEBUG nextflow.executor.Executor - [warm up] executor > local
Sep-20 14:15:59.978 [main] DEBUG n.processor.LocalPollingMonitor - Creating local task monitor for executor 'local' > cpus=2; memory=7.8 GB; capacity=2; pollInterval=100ms; dumpInterval=5m
Sep-20 14:16:00.109 [main] DEBUG nextflow.executor.ExecutorFactory - << taskConfig executor: local
Sep-20 14:16:00.109 [main] DEBUG nextflow.executor.ExecutorFactory - >> processorType: 'local'
Sep-20 14:16:00.118 [main] DEBUG nextflow.executor.ExecutorFactory - << taskConfig executor: local
Sep-20 14:16:00.119 [main] DEBUG nextflow.executor.ExecutorFactory - >> processorType: 'local'
Sep-20 14:16:00.141 [main] DEBUG nextflow.executor.ExecutorFactory - << taskConfig executor: local
Sep-20 14:16:00.141 [main] DEBUG nextflow.executor.ExecutorFactory - >> processorType: 'local'
Sep-20 14:16:00.144 [main] DEBUG nextflow.Session - Workflow process names [dsl2]: FASTQC, QUANTIFICATION, MULTIQC, INDEX
Sep-20 14:16:00.145 [main] DEBUG nextflow.Session - Ignite dataflow network (5)
Sep-20 14:16:00.155 [main] DEBUG nextflow.processor.TaskProcessor - Starting process > INDEX
Sep-20 14:16:00.156 [main] DEBUG nextflow.processor.TaskProcessor - Starting process > QUANTIFICATION
Sep-20 14:16:00.156 [main] DEBUG nextflow.processor.TaskProcessor - Starting process > FASTQC
Sep-20 14:16:00.157 [main] DEBUG nextflow.processor.TaskProcessor - Starting process > MULTIQC
Sep-20 14:16:00.157 [main] DEBUG nextflow.script.ScriptRunner - > Await termination 
Sep-20 14:16:00.157 [main] DEBUG nextflow.Session - Session await
Sep-20 14:16:00.160 [PathVisitor-1] DEBUG nextflow.file.PathVisitor - files for syntax: glob; folder: /home/ubuntu/simple-pipeline/data/ggal/; pattern: gut_{1,2}.fq; options: [checkIfExists:true]
Sep-20 14:16:00.454 [Task submitter] DEBUG nextflow.executor.LocalTaskHandler - Launch cmd line: /bin/bash -ue .command.run
Sep-20 14:16:00.461 [Task submitter] INFO  nextflow.Session - [04/763466] Submitted process > FASTQC (FASTQC on gut)
Sep-20 14:16:00.480 [Task submitter] DEBUG nextflow.executor.LocalTaskHandler - Launch cmd line: /bin/bash -ue .command.run
Sep-20 14:16:00.481 [Task submitter] INFO  nextflow.Session - [30/4becaa] Submitted process > INDEX
Sep-20 14:16:01.791 [Task monitor] DEBUG n.processor.TaskPollingMonitor - Task completed > TaskHandler[id: 2; name: INDEX; status: COMPLETED; exit: 0; error: -; workDir: /home/ubuntu/simple-pipeline/work/30/4becaab039a55ec2a84ea6c48f1864]
Sep-20 14:16:01.831 [Task submitter] DEBUG nextflow.executor.LocalTaskHandler - Launch cmd line: /bin/bash -ue .command.run
Sep-20 14:16:01.847 [Task submitter] INFO  nextflow.Session - [25/3fd6db] Submitted process > QUANTIFICATION (Salmon on gut)
Sep-20 14:16:03.707 [Task monitor] DEBUG n.processor.TaskPollingMonitor - Task completed > TaskHandler[id: 3; name: QUANTIFICATION (Salmon on gut); status: COMPLETED; exit: 0; error: -; workDir: /home/ubuntu/simple-pipeline/work/25/3fd6dbae1d06d7eed4d86f546549ba]
Sep-20 14:16:03.730 [Task monitor] DEBUG nextflow.util.ThreadPoolBuilder - Creating thread pool 'FileTransfer' minSize=2; maxSize=2; workQueue=LinkedBlockingQueue[10000]; allowCoreThreadTimeout=false
Sep-20 14:16:08.777 [Task monitor] DEBUG n.processor.TaskPollingMonitor - Task completed > TaskHandler[id: 1; name: FASTQC (FASTQC on gut); status: COMPLETED; exit: 0; error: -; workDir: /home/ubuntu/simple-pipeline/work/04/76346662b5be55683f429d4bed8745]
Sep-20 14:16:08.791 [Task submitter] DEBUG nextflow.executor.LocalTaskHandler - Launch cmd line: /bin/bash -ue .command.run
Sep-20 14:16:08.792 [Task submitter] INFO  nextflow.Session - [bf/525af5] Submitted process > MULTIQC
Sep-20 14:16:12.096 [Task monitor] DEBUG n.processor.TaskPollingMonitor - Task completed > TaskHandler[id: 4; name: MULTIQC; status: COMPLETED; exit: 0; error: -; workDir: /home/ubuntu/simple-pipeline/work/bf/525af5a68c74ffd7459380a1b37d40]
Sep-20 14:16:12.099 [main] DEBUG nextflow.Session - Session await > all process finished
Sep-20 14:16:12.104 [main] DEBUG nextflow.Session - Session await > all barriers passed
Sep-20 14:16:12.106 [main] INFO  nextflow.Nextflow - 
Done! Open the following report in your browser --> results/multiqc_report.html

Sep-20 14:16:12.121 [main] DEBUG nextflow.trace.WorkflowStatsObserver - Workflow completed > WorkflowStats[succeededCount=4; failedCount=0; ignoredCount=0; cachedCount=0; pendingCount=0; submittedCount=0; runningCount=0; retriesCount=0; abortedCount=0; succeedDuration=14.6s; failedDuration=0ms; cachedDuration=0ms;loadCpus=0; loadMemory=0; peakRunning=2; peakCpus=2; peakMemory=0; ]
Sep-20 14:16:12.339 [main] DEBUG nextflow.cache.CacheDB - Closing CacheDB done
Sep-20 14:16:12.353 [main] DEBUG nextflow.script.ScriptRunner - > Execution complete -- Goodbye
